-23.521 -46.6804413198 
-23.521 -46.6799508281 
-23.521 -46.6794603363 
-23.521 -46.6789698446 
-23.521 -46.6779888612 
-23.521 -46.6784793529 
-23.5213364084 -46.6784793529 
13.4240866567,52.4472932756
12.579,55.601
12.579,55.6014495197
13.351,52.4598798269
-23.521 -46.6774983695 
-23.521 -46.6809318115 
12.575377396,55.601
-23.521 -46.6819127949 
13.351,52.4607788663
13.351,52.4702187798
-23.521 -46.6814223032 
13.351,52.4998870792
-23.5213364084 -46.6804413198 
-23.521 -46.6770078777 
13.4772405889,52.4657235829
-23.521 -46.676517386 
13.4986498116,52.481456772
12.5666128818,55.601
-23.521 -46.6824032867 
13.499,52.4801082129
13.351,52.4747139766
12.5785644921,55.6014495197
-23.521 -46.6828937784 
13.4986498116,52.4805577326
12.579,55.6018990394
13.499,52.4679711813
12.5634257858,55.6023485591
13.4979115625,52.481456772
13.351,52.5003365989
12.5642225598,55.6023485591
13.499,52.4796586932
-23.521 -46.6833842701 
12.5610354637,55.6014495197
13.351,52.4841538901
13.3517382491,52.4747139766
13.3524764981,52.474264457
13.4824083323,52.441
-23.521 -46.6760268943 
12.5538644976,55.61538463
12.5618322377,55.601
-23.521 -46.6755364026 
13.351,52.475613016
-23.5213364084 -46.6828937784 
13.499,52.4652740632
-23.5213364084 -46.6760268943 
12.5602386897,55.6014495197
13.499,52.4688702207
13.499,52.468420701
13.3517382491,52.4738149373
13.351,52.4738149373
13.3517382491,52.475613016
13.4979115625,52.4805577326
12.5594419157,55.6014495197
13.499,52.4693197404
12.5586451417,55.601
13.499,52.4625769451
12.579,55.6023485591
13.499,52.4648245435
13.3517382491,52.5003365989
13.499,52.4810072523
12.5785644921,55.6023485591
12.5602386897,55.601
12.5650193338,55.6014495197
-23.521 -46.6838747618 
12.5538644976,55.6131370316
12.5602386897,55.6018990394
-23.521 -46.6843652535 
13.499,52.4643750238
12.573783848,55.601
13.499,52.4697692601
13.4986498116,52.4643750238
12.5602386897,55.6023485591
-23.5644902985 -46.729 
-23.5501056685 -46.7285095083 
13.3517382491,52.4724663782
12.5522709496,55.6032475984
13.3524764981,52.4738149373
13.499,52.4864014886
13.499,52.4859519689
13.351,52.4724663782
-23.5501056685 -46.7280190166 
13.499,52.4792091735
12.5586451417,55.6018990394
13.3524764981,52.4747139766
12.5514741755,55.6036971181
-23.5501056685 -46.729 
-23.521 -46.5543849479 
12.5594419157,55.6023485591
-23.5478580701 -46.729 
12.5522709496,55.6041466378
12.5522709496,55.6036971181
12.5705967519,55.601
12.5586451417,55.6014495197
-23.5217859281 -46.6774983695 
13.499,52.4621274254
-23.5496561488 -46.7270380331 
13.3524764981,52.4751634963
13.499,52.4787596538
13.4432811323,52.539
12.579,55.6801154652
13.4410663851,52.539
-23.521 -46.5538944562 
-23.521 -46.6750459109 
12.5570515937,55.6014495197
12.5578483677,55.6014495197
12.5522709496,55.6113389528
12.5530677236,55.6117884725
12.5538644976,55.614036071
12.579,55.6805649849
-23.5478580701 -46.7285095083 
-23.5622427001 -46.729 
12.579,55.6027980788
13.499,52.4639255041
13.440328136,52.539
13.4425428832,52.539
13.499,52.4666226223
13.499,52.4873005279
13.4440193813,52.539
12.5522709496,55.6027980788
12.5642225598,55.6014495197
12.5626290118,55.6023485591
13.499,52.4805577326
-23.5622427001 -46.7285095083 
13.499,52.4670721419
13.4418046341,52.539
12.5634257858,55.6014495197
-23.521 -46.6745554191 
12.5546612716,55.6126875119
-23.521 -46.5534039644 
12.579,55.6783173864
12.5721902999,55.601
12.5610354637,55.6023485591
12.5514741755,55.6014495197
12.5530677236,55.6036971181
12.5530677236,55.6126875119
13.499,52.4675216616
13.351,52.4711178191
-23.5492066291 -46.7270380331 
12.5618322377,55.6018990394
12.5634257858,55.601
12.5618322377,55.6014495197
12.5522709496,55.6117884725
-23.521 -46.6740649274 
13.4971733135,52.4625769451
12.5650193338,55.601
12.5721902999,55.6018990394
-23.521 -46.5548754396 
13.4971733135,52.4859519689
12.5626290118,55.6014495197
-23.5501056685 -46.7270380331 
-23.5599951017 -46.729 
13.499,52.4868510082
12.579,55.6778678668
13.499,52.4661731026
12.5530677236,55.6023485591
12.5538644976,55.6023485591
12.5522709496,55.6018990394
12.5522709496,55.6023485591
12.5713935259,55.6014495197
12.5618322377,55.6023485591
12.5498806275,55.6104399135
12.5785644921,55.6787669061
12.579,55.6792164258
13.4410663851,52.5389952921
12.5562548196,55.6014495197
12.5538644976,55.6126875119
12.5634257858,55.6018990394
12.5618322377,55.6027980788
12.579,55.6787669061
12.5482870795,55.6126875119
-23.5505551882 -46.7270380331 
13.4986498116,52.4652740632
12.5721902999,55.6014495197
-23.521 -46.552422981 
12.579,55.6814640243
13.4986498116,52.4621274254
-23.5217859281 -46.6770078777 
13.499,52.4634759844
13.4986498116,52.4688702207
-23.5316753613 -46.531 
13.4986498116,52.4666226223
13.4986498116,52.4864014886
12.579,55.6810145046
-23.5217859281 -46.676517386 
13.4351603926,52.539
12.5514741755,55.6117884725
13.4986498116,52.4634759844
12.5538644976,55.6018990394
-23.521 -46.5529134727 
12.5554580456,55.601
12.5546612716,55.6090913544
-23.5501056685 -46.7265475414 
13.499,52.4702187798
13.4358986417,52.539
12.5522709496,55.601
12.5538644976,55.6014495197
12.5546612716,55.6014495197
-23.5213364084 -46.5538944562 
-23.5312258416 -46.531 
12.5530677236,55.6014495197
12.5777677181,55.6801154652
13.4336838945,52.539
12.579,55.6796659455
13.4344221436,52.539
13.4373751398,52.539
12.5482870795,55.6099903938
-23.5501056685 -46.7275285248 
13.3524764981,52.4495408741
12.5570515937,55.601
12.5602386897,55.6027980788
12.5403193393,55.6063942363
-23.521 -46.555856423 
-23.5501056685 -46.7260570497 
13.499,52.4630264647
12.5522709496,55.6014495197
12.575377396,55.6018990394
13.3650267321,52.4747139766
12.5690032039,55.6014495197
13.4986498116,52.4783101342
12.5690032039,55.6018990394
12.5785644921,55.6036971181
12.5498806275,55.6113389528
-23.5213364084 -46.552422981 
12.5538644976,55.601
-23.588314842 -46.5661567491 
13.4986498116,52.4792091735
13.4351603926,52.5389952921
13.4425428832,52.5389952921
12.572987074,55.6014495197
12.576970944,55.6018990394
12.579,55.6036971181
12.5785644921,55.6801154652
-23.6472019212 -46.531 
12.5777677181,55.6014495197
12.5554580456,55.6149351103
12.5546612716,55.6162836694
-23.5217859281 -46.6784793529 
-23.521 -46.5901908434 
-23.521 -46.5916623186 
-23.5217859281 -46.6794603363 
-23.5640407788 -46.729 
13.4986498116,52.4679711813
13.3524764981,52.475613016
-23.5487571094 -46.7275285248 
13.499,52.4877500476
13.4366368907,52.539
12.5562548196,55.6023485591
12.5538644976,55.6032475984
-23.521 -46.6147154294 
-23.5483075897 -46.7285095083 
-23.5492066291 -46.7275285248 
-23.6436057637 -46.531 
12.5522709496,55.6095408741
12.5482870795,55.6108894331
12.5538644976,55.6122379922
-23.521 -46.6250157555 
-23.588314842 -46.5666472409 
13.3524764981,52.4733654176
13.499,52.4783101342
12.5658161078,55.6014495197
12.5705967519,55.6014495197
12.579,55.6032475984
-23.521 -46.5470275721 
-23.521 -46.5906813351 
13.499,52.4616779057
12.5554580456,55.6131370316
12.5538644976,55.6158341497
-23.521 -46.5911718268 
13.499,52.4778606145
13.499,52.5111250714
12.5570515937,55.6018990394
12.5546612716,55.6023485591
-23.5217859281 -46.5543849479 
-23.5217859281 -46.6789698446 
-23.5217859281 -46.6828937784 
13.3524764981,52.4724663782
12.5522709496,55.6108894331
-23.6454038425 -46.531 
13.4107981737,52.539
13.4122746718,52.539
12.5514741755,55.6126875119
-23.521 -46.6142249377 
-23.521 -46.685346237 
-23.5217859281 -46.6824032867 
-23.5510047079 -46.7270380331 
-23.5662883773 -46.7285095083 
-23.6449543228 -46.531 
-23.6463028819 -46.531 
13.499,52.4881995673
12.5554580456,55.6014495197
12.5705967519,55.6018990394
-23.521 -46.5887193682 
-23.521 -46.6259967389 
13.3524764981,52.4729158979
12.5554580456,55.6018990394
12.576970944,55.6023485591
12.575377396,55.6027980788
12.5530677236,55.6095408741
12.5538644976,55.6135865513
12.5785644921,55.6774183471
-23.521 -46.6848557453 
13.351,52.482805331
12.5690032039,55.601
12.5777677181,55.6023485591
12.5522709496,55.6090913544
12.579,55.681913544
13.499,52.4850529295
13.4986498116,52.4873005279
13.4366368907,52.5389952921
13.4986498116,52.539
12.576970944,55.601
12.5674096559,55.6014495197
12.5650193338,55.6018990394
12.5506774015,55.6117884725
-23.521 -46.5553659313 
-23.5420143141 -46.729 
-23.5640407788 -46.7285095083 
12.5682064299,55.6014495197
12.575377396,55.6023485591
12.5498806275,55.6108894331
-23.5217859281 -46.6833842701 
-23.6449543228 -46.5313318371 
13.4440193813,52.5380962527
12.5697999779,55.6014495197
12.5538644976,55.6162836694
12.572987074,55.681913544
-23.521 -46.5465370804 
-23.5213364084 -46.5563469148 
-23.5217859281 -46.6838747618 
-23.643156244 -46.531 
12.5411161133,55.6059447166
12.5522709496,55.6099903938
12.5530677236,55.6104399135
12.5554580456,55.6167331891
-23.521 -46.6152059211 
-23.521 -46.6264872306 
-23.521 -46.6269777224 
-23.5217859281 -46.6814223032 
-23.532124881 -46.531 
13.499,52.4855024492
13.4986498116,52.5389952921
12.576970944,55.6014495197
12.5514741755,55.6095408741
12.5482870795,55.6104399135
12.5490838535,55.6104399135
-23.521 -46.5897003517 
-23.521 -46.6255062472 
-23.5222354478 -46.6784793529 
-23.5599951017 -46.7285095083 
13.4949585663,52.4855024492
13.4336838945,52.5389952921
12.5403193393,55.6059447166
-23.5217859281 -46.6779888612 
-23.5307763219 -46.531 
13.499,52.5115745911
13.4351603926,52.5385457724
13.4107981737,52.5389952921
12.5666128818,55.6018990394
12.5785644921,55.6027980788
-23.5519037473 -46.729 
13.4122746718,52.5389952921
13.4979115625,52.539
12.5554580456,55.6023485591
12.57617417,55.6023485591
12.5538644976,55.6027980788
12.5666128818,55.6032475984
12.5522709496,55.6122379922
12.5785644921,55.6810145046
12.579,55.7039400087
-23.5217859281 -46.6755364026 
-23.6458533622 -46.531 
-23.6467524016 -46.7270380331 
12.5666128818,55.6014495197
12.5697999779,55.6023485591
12.5586451417,55.6027980788
12.5690032039,55.6032475984
12.5506774015,55.6104399135
12.5514741755,55.6108894331
12.5522709496,55.6126875119
12.5530677236,55.614036071
-23.521 -46.5484990472 
-23.521 -46.58920986 
-23.5213364084 -46.6745554191 
13.4949585663,52.4859519689
13.4986498116,52.5115745911
13.4432811323,52.5380962527
13.4115364228,52.539
12.5315548252,55.6032475984
12.5443032094,55.6072932756
12.5514741755,55.6104399135
12.579,55.7075361662
-23.521 -46.5450656052 
-23.521 -46.5921528103 
-23.521 -46.6858367287 
-23.5496561488 -46.725566558 
13.4971733135,52.4634759844
12.5522709496,55.6104399135
12.5546612716,55.614036071
12.5538644976,55.6149351103
-23.521 -46.5475180638 
-23.521 -46.5494800307 
-23.5217859281 -46.5470275721 
-23.5217859281 -46.6799508281 
-23.5217859281 -46.6809318115 
-23.5222354478 -46.6804413198 
-23.5483075897 -46.7280190166 
-23.5514542276 -46.7270380331 
-23.6472019212 -46.7285095083 
12.5721902999,55.6023485591
12.5482870795,55.6027980788
12.5371322433,55.6032475984
12.5538644976,55.6090913544
-23.521 -46.5563469148 
-23.5213364084 -46.5494800307 
-23.5483075897 -46.729 
-23.6458533622 -46.7270380331 
13.499,52.488649087
12.57617417,55.6014495197
12.5705967519,55.6032475984
12.5538644976,55.6086418347
12.5498806275,55.6122379922
12.579,55.703490489
-23.5213364084 -46.5901908434 
-23.5640407788 -46.7280190166 
-23.6458533622 -46.7275285248 
-23.6458533622 -46.7285095083 
13.4388516379,52.5241611424
12.573783848,55.6014495197
12.5666128818,55.6036971181
12.5514741755,55.6099903938
12.5490838535,55.6126875119
12.5506774015,55.6126875119
12.5546612716,55.61538463
12.5785644921,55.7039400087
-23.521 -46.5460465886 
-23.521 -46.583814451 
-23.521 -46.6112819873 
-23.5217859281 -46.6804413198 
-23.5496561488 -46.729 
-23.5501056685 -46.725566558 
-23.5757282908 -46.531 
-23.5779758892 -46.531 
-23.6463028819 -46.7270380331 
-23.6472019212 -46.7280190166 
13.3517382491,52.4576322285
13.4964350644,52.4634759844
13.4838848304,52.4733654176
13.4196571624,52.539
12.5403193393,55.601
12.5570515937,55.6023485591
12.5586451417,55.6023485591
12.5570515937,55.6027980788
12.576970944,55.6027980788
12.5482870795,55.606843756
12.5474903055,55.6072932756
12.5554580456,55.6135865513
12.5514741755,55.614036071
12.5522709496,55.6158341497
-23.521 -46.548989539 
-23.521 -46.592643302 
-23.521 -46.5931337937 
-23.521 -46.6117724791 
-23.521 -46.6505213249 
-23.5505551882 -46.7260570497 
-23.6458533622 -46.7280190166 
-23.6467524016 -46.531 
-23.6472019212 -46.7275285248 
13.4816700833,52.4414495197
13.351,52.4576322285
13.351,52.4585312679
13.3539529962,52.4598798269
13.4979115625,52.4634759844
13.499,52.482805331
13.4986498116,52.4841538901
13.4979115625,52.4873005279
13.4986498116,52.488649087
13.4425428832,52.5385457724
12.5482870795,55.6023485591
12.5578483677,55.6023485591
12.5713935259,55.6023485591
12.5435064354,55.6072932756
12.5458967574,55.6072932756
12.5546612716,55.6095408741
12.5498806275,55.6099903938
12.5522709496,55.614036071
12.5785644921,55.6814640243
12.579,55.7070866465
-23.521 -46.5573278982 
-23.521 -46.5946052689 
-23.5217859281 -46.5538944562 
-23.5217859281 -46.6819127949 
-23.5492066291 -46.7285095083 
-23.5492066291 -46.729 
-23.5496561488 -46.7275285248 
-23.5496561488 -46.7280190166 
-23.5496561488 -46.7285095083 
-23.6472019212 -46.729 
13.4824083323,52.4414495197
13.4979115625,52.4643750238
13.4410663851,52.5385457724
12.5514741755,55.601
12.5379290173,55.6014495197
12.574580622,55.6014495197
12.5474903055,55.6023485591
12.5658161078,55.6023485591
12.5514741755,55.6027980788
12.5466935315,55.6063942363
12.5514741755,55.608192315
12.5530677236,55.608192315
12.5498806275,55.6086418347
12.5522709496,55.6086418347
12.5498806275,55.6090913544
12.5498806275,55.6095408741
12.5498806275,55.6117884725
12.5530677236,55.61538463
12.5785644921,55.7043895284
-23.521 -46.5857764179 
-23.521 -46.6309016561 
-23.521 -46.6510118166 
-23.521 -46.7059468892 
-23.5213364084 -46.6755364026 
-23.5316753613 -46.5313318371 
-23.5487571094 -46.7285095083 
-23.5492066291 -46.7280190166 
-23.5510047079 -46.7285095083 
-23.5644902985 -46.7285095083 
-23.6454038425 -46.729 
-23.6472019212 -46.5313318371 
13.4794553361,52.4423485591
13.4240866567,52.448192315
13.3532147472,52.4598798269
13.351,52.4621274254
13.499,52.4832548507
13.499,52.4846034098
13.351,52.5057308352
13.4425428832,52.5380962527
12.5490838535,55.6014495197
12.5506774015,55.6014495197
12.5498806275,55.6018990394
12.5466935315,55.6027980788
12.5690032039,55.6027980788
12.5785644921,55.6032475984
12.5538644976,55.6036971181
12.5690032039,55.6036971181
12.5450999834,55.606843756
12.5450999834,55.6072932756
12.5506774015,55.6072932756
12.5530677236,55.6090913544
12.5506774015,55.6095408741
12.5506774015,55.614036071
12.5785644921,55.6796659455
12.5785644921,55.7070866465
-23.521 -46.5823429759 
-23.521 -46.5936242854 
-23.521 -46.5941147772 
-23.521 -46.6107914956 
-23.521 -46.6137344459 
-23.521 -46.6515023083 
-23.521 -46.7054563975 
-23.5213364084 -46.5543849479 
-23.5213364084 -46.5921528103 
-23.5213364084 -46.6142249377 
-23.5213364084 -46.6255062472 
-23.5213364084 -46.6774983695 
-23.5222354478 -46.6789698446 
-23.5478580701 -46.7265475414 
-23.5492066291 -46.7265475414 
-23.5505551882 -46.7265475414 
-23.5505551882 -46.729 
-23.5510047079 -46.7275285248 
-23.5653893379 -46.729 
13.3517382491,52.4585312679
13.3517382491,52.4598798269
13.4986498116,52.4630264647
13.4971733135,52.4639255041
13.4986498116,52.4693197404
13.4986498116,52.4796586932
13.4986498116,52.4819062917
12.5482870795,55.601
12.5482870795,55.6018990394
12.5554580456,55.6032475984
12.5474903055,55.6036971181
12.5474903055,55.6045961575
12.5482870795,55.6063942363
12.5482870795,55.6072932756
12.5490838535,55.6072932756
12.5522709496,55.6144855907
12.5538644976,55.6144855907
12.5514741755,55.6149351103
12.5546612716,55.6149351103
12.5530677236,55.6162836694
12.5530677236,55.6171827088
12.5785644921,55.6783173864
-23.521 -46.5480085555 
-23.521 -46.5828334676 
-23.521 -46.5852859262 
-23.521 -46.6127534625 
-23.5213364084 -46.6107914956 
-23.5213364084 -46.6515023083 
-23.5213364084 -46.6824032867 
-23.5213364084 -46.6848557453 
-23.5217859281 -46.5529134727 
-23.5217859281 -46.555856423 
-23.532124881 -46.5313318371 
-23.546509511 -46.6382590319 
-23.5469590307 -46.729 
-23.5474085504 -46.729 
-23.5478580701 -46.7270380331 
-23.5483075897 -46.7250760662 
-23.5483075897 -46.725566558 
-23.5483075897 -46.7260570497 
-23.5487571094 -46.729 
-23.5505551882 -46.725566558 
-23.5505551882 -46.7280190166 
-23.5514542276 -46.7250760662 
-23.5514542276 -46.7265475414 
-23.5514542276 -46.729 
-23.5528027866 -46.729 
-23.5617931804 -46.729 
-23.5631417395 -46.7285095083 
-23.5631417395 -46.729 
-23.5635912592 -46.729 
-23.5658388576 -46.729 
-23.643156244 -46.5342747874 
-23.6458533622 -46.5313318371 
13.3517382491,52.4490913544
13.3539529962,52.4585312679
13.351,52.4589807875
13.3524764981,52.4594303072
13.3524764981,52.4598798269
13.3517382491,52.4607788663
13.45287837,52.4621274254
13.4956968154,52.4634759844
13.4971733135,52.4661731026
13.4986498116,52.4675216616
13.4986498116,52.4801082129
13.4971733135,52.481456772
13.499,52.4823558114
13.4979115625,52.4841538901
13.4934820682,52.4864014886
13.4056304303,52.5057308352
13.4432811323,52.5385457724
13.4196571624,52.5389952921
12.5674096559,55.601
12.5466935315,55.6014495197
12.575377396,55.6014495197
12.5785644921,55.6018990394
12.5562548196,55.6036971181
12.5498806275,55.6063942363
12.5419128874,55.606843756
12.5466935315,55.606843756
12.5498806275,55.6077427953
12.5522709496,55.6077427953
12.5466935315,55.608192315
12.5482870795,55.608192315
12.5506774015,55.608192315
12.5506774015,55.6086418347
12.5514741755,55.6090913544
12.5538644976,55.6104399135
12.5506774015,55.6108894331
12.5514741755,55.6113389528
12.5482870795,55.6117884725
12.5490838535,55.6117884725
12.5546612716,55.6117884725
12.5498806275,55.614036071
12.5530677236,55.6144855907
12.5554580456,55.6144855907
12.5498806275,55.6149351103
12.5522709496,55.6149351103
12.5498806275,55.61538463
12.5506774015,55.61538463
12.5554580456,55.61538463
12.5506774015,55.6162836694
12.5777677181,55.6774183471
12.5777677181,55.6787669061
-23.521 -46.5568374065 
-23.521 -46.5602708485 
-23.521 -46.5847954345 
-23.521 -46.5862669096 
-23.521 -46.6304111644 
-23.521 -46.6318826396 
-23.5213364084 -46.5450656052 
-23.5213364084 -46.5529134727 
-23.5213364084 -46.5534039644 
-23.5213364084 -46.5553659313 
-23.5213364084 -46.5828334676 
-23.5213364084 -46.5906813351 
-23.5213364084 -46.6137344459 
-23.5213364084 -46.6147154294 
-23.5213364084 -46.6309016561 
-23.5213364084 -46.6318826396 
-23.5213364084 -46.6770078777 
-23.5213364084 -46.6794603363 
-23.5213364084 -46.6799508281 
-23.5213364084 -46.6819127949 
-23.5217859281 -46.5534039644 
-23.5217859281 -46.5563469148 
-23.5222354478 -46.6760268943 
-23.546509511 -46.729 
-23.5469590307 -46.7270380331 
-23.5478580701 -46.725566558 
-23.5478580701 -46.7260570497 
-23.5483075897 -46.7265475414 
-23.5487571094 -46.7265475414 
-23.5487571094 -46.7280190166 
-23.5492066291 -46.7236045911 
-23.5496561488 -46.7240950828 
-23.5496561488 -46.7260570497 
-23.5501056685 -46.7240950828 
-23.5505551882 -46.7275285248 
-23.5505551882 -46.7285095083 
-23.5510047079 -46.7260570497 
-23.5514542276 -46.7260570497 
-23.5519037473 -46.7236045911 
-23.5519037473 -46.7285095083 
-23.5590960623 -46.7285095083 
-23.559545582 -46.7285095083 
-23.5604446213 -46.729 
-23.5613436607 -46.729 
-23.5635912592 -46.7280190166 
-23.5649398182 -46.7285095083 
-23.5649398182 -46.729 
-23.5779758892 -46.5313318371 
-23.5892138814 -46.5656662574 
-23.6382115275 -46.592643302 
-23.6386610472 -46.5921528103 
-23.6436057637 -46.5342747874 
-23.6467524016 -46.5313318371 
-23.6476514409 -46.7285095083 
13.4831465814,52.441
13.3517382491,52.4580817482
13.3524764981,52.4585312679
13.3532147472,52.4603293466
13.351,52.461228386
13.351,52.4616779057
13.4986498116,52.4616779057
13.4979115625,52.4625769451
13.4986498116,52.4648245435
13.4979115625,52.4666226223
13.4971733135,52.4670721419
13.4986498116,52.4670721419
13.4979115625,52.4688702207
13.4986498116,52.4697692601
13.351,52.4715673388
13.351,52.4729158979
13.351,52.4733654176
13.351,52.474264457
13.3517382491,52.474264457
13.351,52.4751634963
13.3517382491,52.4751634963
13.3539529962,52.4769615751
13.499,52.481456772
13.4986498116,52.482805331
13.3517382491,52.4841538901
13.351,52.5061803549
13.3517382491,52.5061803549
13.4056304303,52.5061803549
13.351,52.5066298745
13.351,52.510226032
13.4986498116,52.5111250714
13.351,52.5156202683
13.4344221436,52.5380962527
13.4418046341,52.5385457724
13.4447576304,52.5385457724
13.440328136,52.5389952921
13.4432811323,52.5389952921
13.4440193813,52.5389952921
12.5387257913,55.601
12.5498806275,55.601
12.5658161078,55.601
12.5474903055,55.6014495197
12.5498806275,55.6014495197
12.5466935315,55.6018990394
12.5713935259,55.6018990394
12.572987074,55.6018990394
12.5466935315,55.6023485591
12.5490838535,55.6023485591
12.5554580456,55.6027980788
12.5705967519,55.6027980788
12.5482870795,55.6032475984
12.5602386897,55.6032475984
12.5674096559,55.6032475984
12.5570515937,55.6036971181
12.5538644976,55.6041466378
12.5419128874,55.6063942363
12.5490838535,55.606843756
12.5506774015,55.606843756
12.5466935315,55.6072932756
12.5450999834,55.6077427953
12.5466935315,55.6077427953
12.5546612716,55.6077427953
12.5482870795,55.6090913544
12.5554580456,55.6099903938
12.5554580456,55.6117884725
12.5474903055,55.6126875119
12.5498806275,55.6131370316
12.5522709496,55.6135865513
12.5554580456,55.614036071
12.5506774015,55.6149351103
12.5514741755,55.61538463
12.5538644976,55.6171827088
12.471,55.6513462051
12.575377396,55.6778678668
12.5785644921,55.703490489
-23.521 -46.5455560969 
-23.521 -46.5597803568 
-23.521 -46.5843049428 
-23.521 -46.6132439542 
-23.521 -46.6358065733 
-23.521 -46.6372780485 
-23.521 -46.6387495236 
-23.521 -46.6671980434 
-23.521 -46.6686695185 
-23.5213364084 -46.5460465886 
-23.5213364084 -46.5465370804 
-23.5213364084 -46.548989539 
-23.5213364084 -46.5568374065 
-23.5213364084 -46.592643302 
-23.5213364084 -46.6264872306 
-23.5213364084 -46.6304111644 
-23.5213364084 -46.6377685402 
-23.5213364084 -46.6500308332 
-23.5213364084 -46.6505213249 
-23.5213364084 -46.6750459109 
-23.5213364084 -46.6779888612 
-23.5213364084 -46.6789698446 
-23.5213364084 -46.6838747618 
-23.5213364084 -46.6843652535 
-23.5213364084 -46.6858367287 
-23.5222354478 -46.5553659313 
-23.5222354478 -46.6794603363 
-23.539317196 -46.729 
-23.5456104716 -46.7285095083 
-23.546509511 -46.6387495236 
-23.546509511 -46.7285095083 
-23.5469590307 -46.7275285248 
-23.5469590307 -46.7280190166 
-23.5474085504 -46.7265475414 
-23.5474085504 -46.7285095083 
-23.5483075897 -46.7245855745 
-23.5483075897 -46.7270380331 
-23.5483075897 -46.7275285248 
-23.5487571094 -46.7236045911 
-23.5487571094 -46.7250760662 
-23.5487571094 -46.7270380331 
-23.5492066291 -46.7240950828 
-23.5492066291 -46.7250760662 
-23.5496561488 -46.7236045911 
-23.5496561488 -46.7265475414 
-23.5501056685 -46.7226236076 
-23.5501056685 -46.7231140994 
-23.5501056685 -46.7245855745 
-23.5510047079 -46.7265475414 
-23.5510047079 -46.7280190166 
-23.5510047079 -46.729 
-23.5514542276 -46.7211521325 
-23.5514542276 -46.7285095083 
-23.5519037473 -46.7221331159 
-23.5519037473 -46.7275285248 
-23.5523532669 -46.7260570497 
-23.5523532669 -46.7285095083 
-23.5523532669 -46.729 
-23.5528027866 -46.7280190166 
-23.5532523063 -46.729 
-23.5541513457 -46.7191901656 
-23.5546008654 -46.7172281987 
-23.5599951017 -46.5602708485 
-23.560894141 -46.729 
-23.5613436607 -46.7285095083 
-23.5617931804 -46.7285095083 
-23.5631417395 -46.725566558 
-23.5640407788 -46.7270380331 
-23.5644902985 -46.7270380331 
-23.5653893379 -46.7285095083 
-23.566737897 -46.7285095083 
-23.5892138814 -46.5661567491 
-23.5896634011 -46.6191298548 
-23.6098917871 -46.6676885351 
-23.6130384249 -46.5641947823 
-23.6377620078 -46.5931337937 
-23.6458533622 -46.5323128205 
-23.6463028819 -46.5313318371 
-23.6463028819 -46.729 
-23.6467524016 -46.7280190166 
13.4816700833,52.441
13.4801935852,52.4418990394
13.4240866567,52.4477427953
13.4211336605,52.4486418347
13.351,52.4504399135
13.3524764981,52.4589807875
13.351,52.4594303072
13.3517382491,52.4603293466
13.3524764981,52.4607788663
13.3532147472,52.4607788663
13.3517382491,52.461228386
13.4971733135,52.4621274254
13.4964350644,52.4630264647
13.4971733135,52.4630264647
13.4986498116,52.4639255041
13.4971733135,52.4643750238
13.4964350644,52.4666226223
13.4971733135,52.4679711813
13.4979115625,52.4679711813
13.351,52.4697692601
13.351,52.4720168585
13.3524764981,52.4720168585
13.4853613286,52.4724663782
13.4838848304,52.4729158979
13.3517382491,52.4733654176
13.363550234,52.4747139766
13.4986498116,52.4787596538
13.4971733135,52.4810072523
13.4986498116,52.4810072523
13.351,52.4832548507
13.3517382491,52.4832548507
13.3517382491,52.4837043704
13.499,52.4841538901
13.351,52.4846034098
13.4971733135,52.4864014886
13.4934820682,52.4868510082
13.4949585663,52.4868510082
13.3524764981,52.4994375595
13.3517382491,52.4998870792
13.3524764981,52.4998870792
13.3532147472,52.4998870792
13.3524764981,52.5003365989
13.4048921812,52.5061803549
13.351,52.5093269927
13.4964350644,52.5111250714
13.351,52.5264087408
13.4351603926,52.5380962527
13.4440193813,52.5385457724
13.4344221436,52.5389952921
13.4358986417,52.5389952921
13.4373751398,52.5389952921
13.4418046341,52.5389952921
13.4979115625,52.5389952921
12.5490838535,55.601
12.5530677236,55.601
12.5610354637,55.601
12.5642225598,55.601
12.5697999779,55.601
12.572987074,55.601
12.57617417,55.601
12.5785644921,55.601
12.5339451472,55.6014495197
12.5482870795,55.6014495197
12.5331483732,55.6018990394
12.5626290118,55.6018990394
12.5642225598,55.6018990394
12.5658161078,55.6018990394
12.5674096559,55.6018990394
12.57617417,55.6018990394
12.5498806275,55.6023485591
12.5690032039,55.6023485591
12.5594419157,55.6027980788
12.5674096559,55.6027980788
12.5682064299,55.6027980788
12.5697999779,55.6027980788
12.5721902999,55.6027980788
12.5514741755,55.6032475984
12.5562548196,55.6032475984
12.5578483677,55.6032475984
12.5594419157,55.6032475984
12.5650193338,55.6032475984
12.5546612716,55.6036971181
12.5697999779,55.6036971181
12.5466935315,55.6041466378
12.5450999834,55.6045961575
12.5514741755,55.6045961575
12.5546612716,55.6045961575
12.5554580456,55.6050456772
12.5450999834,55.6063942363
12.5498806275,55.606843756
12.5514741755,55.606843756
12.5498806275,55.6072932756
12.5522709496,55.6072932756
12.5474903055,55.6077427953
12.5482870795,55.6077427953
12.5506774015,55.6077427953
12.5490838535,55.608192315
12.5498806275,55.608192315
12.5522709496,55.608192315
12.5506774015,55.6090913544
12.5450999834,55.6095408741
12.5482870795,55.6095408741
12.5490838535,55.6095408741
12.5538644976,55.6099903938
12.5458967574,55.6104399135
12.5546612716,55.6104399135
12.5554580456,55.6104399135
12.5474903055,55.6108894331
12.5530677236,55.6108894331
12.5530677236,55.6113389528
12.5538644976,55.6113389528
12.5538644976,55.6117884725
12.5530677236,55.6122379922
12.5554580456,55.6122379922
12.5514741755,55.6131370316
12.5522709496,55.6131370316
12.5506774015,55.6135865513
12.5514741755,55.6135865513
12.5506774015,55.6144855907
12.5546612716,55.6144855907
12.5490838535,55.61538463
12.5490838535,55.6158341497
12.5546612716,55.6158341497
12.5490838535,55.6162836694
12.5498806275,55.6167331891
12.5490838535,55.6171827088
12.5522709496,55.6171827088
12.579,55.6423558114
12.4813580622,55.6526947642
12.471,55.6724736305
12.574580622,55.6778678668
12.5777677181,55.6778678668
12.5785644921,55.6778678668
12.574580622,55.6783173864
12.5777677181,55.6810145046
12.576970944,55.681913544

-23.521 -46.5592898651 
-23.521 -46.5695901912 
-23.521 -46.6313921478 
-23.521 -46.636297065 
-23.521 -46.6382590319 
-23.521 -46.6500308332 
-23.521 -46.6873082038 
-23.5213364084 -46.5455560969 
-23.5213364084 -46.5475180638 
-23.5213364084 -46.5548754396 
-23.5213364084 -46.555856423 
-23.5213364084 -46.5573278982 
-23.5213364084 -46.5597803568 
-23.5213364084 -46.5602708485 
-23.5213364084 -46.5700806829 
-23.5213364084 -46.583814451 
-23.5213364084 -46.5843049428 
-23.5213364084 -46.6122629708 
-23.5213364084 -46.6127534625 
-23.5213364084 -46.6132439542 
-23.5213364084 -46.6259967389 
-23.5213364084 -46.6313921478 
-23.5213364084 -46.6353160816 
-23.5213364084 -46.6382590319 
-23.5213364084 -46.6510118166 
-23.5213364084 -46.676517386 
-23.5213364084 -46.6814223032 
-23.5213364084 -46.6833842701 
-23.5213364084 -46.7103613147 
-23.5213364084 -46.7265475414 
-23.5217859281 -46.5519324893 
-23.5217859281 -46.5744951084 
-23.5217859281 -46.5906813351 
-23.5217859281 -46.6304111644 
-23.5217859281 -46.6760268943 
-23.5222354478 -46.6044151033 
-23.5222354478 -46.6127534625 
-23.5226849675 -46.552422981 
-23.5231344872 -46.5676282243 
-23.5235840069 -46.5553659313 
-23.5235840069 -46.6009816612 
-23.5244830462 -46.6009816612 
-23.5289782431 -46.5906813351 
-23.539317196 -46.561251832 
-23.539317196 -46.7285095083 
-23.5411152747 -46.7285095083 
-23.5429133535 -46.608339037 
-23.5451609519 -46.729 
-23.546509511 -46.7270380331 
-23.546509511 -46.7280190166 
-23.5469590307 -46.7260570497 
-23.5469590307 -46.7265475414 
-23.5474085504 -46.7270380331 
-23.5474085504 -46.7275285248 
-23.5474085504 -46.7280190166 
-23.5478580701 -46.7245855745 
-23.5478580701 -46.7275285248 
-23.5478580701 -46.7280190166 
-23.5483075897 -46.7240950828 
-23.5487571094 -46.7240950828 
-23.5487571094 -46.7245855745 
-23.5487571094 -46.725566558 
-23.5492066291 -46.7245855745 
-23.5492066291 -46.725566558 
-23.5492066291 -46.7260570497 
-23.5496561488 -46.6397305071 
-23.5496561488 -46.7206616408 
-23.5496561488 -46.7216426242 
-23.5496561488 -46.7221331159 
-23.5501056685 -46.7250760662 
-23.5505551882 -46.7221331159 
-23.5505551882 -46.7226236076 
-23.5505551882 -46.7240950828 
-23.5505551882 -46.7250760662 
-23.5510047079 -46.7216426242 
-23.5510047079 -46.7226236076 
-23.5510047079 -46.7245855745 
-23.5510047079 -46.7250760662 
-23.5510047079 -46.725566558 
-23.5514542276 -46.7240950828 
-23.5514542276 -46.7275285248 
-23.5514542276 -46.7280190166 
-23.5519037473 -46.7216426242 
-23.5519037473 -46.7231140994 
-23.5519037473 -46.7245855745 
-23.5519037473 -46.7270380331 
-23.5519037473 -46.7280190166 
-23.5523532669 -46.7221331159 
-23.5523532669 -46.7280190166 
-23.5528027866 -46.7236045911 
-23.5528027866 -46.7250760662 
-23.5528027866 -46.7275285248 
-23.5532523063 -46.7231140994 
-23.5532523063 -46.7260570497 
-23.5532523063 -46.7265475414 
-23.5532523063 -46.7270380331 
-23.5532523063 -46.7275285248 
-23.553701826 -46.7226236076 
-23.553701826 -46.725566558 
-23.553701826 -46.7260570497 
-23.553701826 -46.7265475414 
-23.5541513457 -46.7280190166 
-23.5546008654 -46.7191901656 
-23.5554999048 -46.716737707 
-23.5554999048 -46.7182091822 
-23.5554999048 -46.7186996739 
-23.5559494245 -46.7152662319 
-23.5559494245 -46.7162472153 
-23.5563989441 -46.716737707 
-23.5563989441 -46.7172281987 
-23.5568484638 -46.7162472153 
-23.5581970229 -46.7137947567 
-23.5586465426 -46.713304265 
-23.5586465426 -46.7280190166 
-23.5586465426 -46.7285095083 
-23.5590960623 -46.7093803312 
-23.5590960623 -46.7098708229 
-23.559545582 -46.5602708485 
-23.559545582 -46.5607613402 
-23.559545582 -46.729 
-23.5604446213 -46.7275285248 
-23.560894141 -46.7285095083 
-23.5622427001 -46.725566558 
-23.5622427001 -46.7280190166 
-23.5626922198 -46.7280190166 
-23.5626922198 -46.7285095083 
-23.5626922198 -46.729 
-23.5631417395 -46.7236045911 
-23.5631417395 -46.7240950828 
-23.5631417395 -46.7245855745 
-23.5631417395 -46.7250760662 
-23.5631417395 -46.7275285248 
-23.5631417395 -46.7280190166 
-23.5635912592 -46.7226236076 
-23.5635912592 -46.7245855745 
-23.5635912592 -46.7275285248 
-23.5635912592 -46.7285095083 
-23.5644902985 -46.7265475414 
-23.5644902985 -46.7275285248 
-23.5644902985 -46.7280190166 
-23.5649398182 -46.7270380331 
-23.5649398182 -46.7280190166 
-23.5653893379 -46.7280190166 
-23.5658388576 -46.7015324637 
-23.5658388576 -46.7280190166 
-23.5658388576 -46.7285095083 
-23.566737897 -46.7015324637 
-23.566737897 -46.7275285248 
-23.566737897 -46.729 
-23.5671874167 -46.7285095083 
-23.5676369364 -46.729 
-23.5703340545 -46.6289396892 
-23.5793244483 -46.7285095083 
-23.5793244483 -46.729 
-23.579773968 -46.729 
-23.5802234876 -46.729 
-23.5842691648 -46.7250760662 
-23.5851682042 -46.5313318371 
-23.5851682042 -46.7250760662 
-23.586966283 -46.5666472409 
-23.5901129208 -46.6196203466 
-23.594158598 -46.5313318371 
-23.5946081177 -46.5852859262 
-23.6107908265 -46.6662170599 
-23.6121393855 -46.5313318371 
-23.6319182518 -46.716737707 
-23.6337163306 -46.5955862523 
-23.6364134487 -46.7280190166 
-23.6404591259 -46.5897003517 
-23.6409086456 -46.5352557708 
-23.6422572047 -46.5332938039 
-23.6427067244 -46.5332938039 
-23.6445048031 -46.5318223288 
-23.6445048031 -46.5337842957 
-23.6449543228 -46.5318223288 
-23.6454038425 -46.5313318371 
-23.6463028819 -46.5318223288 
-23.6467524016 -46.6716124688 
-23.6467524016 -46.7216426242 
-23.6467524016 -46.7285095083 
-23.6467524016 -46.729 
-23.6476514409 -46.6402209988 
-23.6476514409 -46.7280190166 
-23.6485504803 -46.5882288765 
-23.649 -46.5460465886 
-23.649 -46.6407114905 
-23.649 -46.6770078777 
-23.649 -46.6774983695 
13.4809318342,52.4414495197
13.3908654491,52.4441466378
13.3524764981,52.4490913544
13.351,52.4499903938
13.4314691473,52.4526875119
13.351,52.4580817482
13.3532147472,52.4585312679
13.3517382491,52.4589807875
13.3532147472,52.4589807875
13.3539529962,52.4589807875
13.3546912453,52.4589807875
13.3524764981,52.461228386
13.3517382491,52.4616779057
13.45287837,52.4616779057
13.4979115625,52.4621274254
13.4521401209,52.4625769451
13.4986498116,52.4625769451
13.4956968154,52.4630264647
13.4964350644,52.4670721419
13.4979115625,52.4670721419
13.4964350644,52.4675216616
13.4971733135,52.4675216616
13.4964350644,52.4679711813
13.4986498116,52.468420701
13.4971733135,52.4688702207
13.351,52.4706682994
13.3517382491,52.4715673388
13.3532147472,52.4724663782
13.4846230795,52.4729158979
13.3532147472,52.474264457
13.364288483,52.4747139766
13.3532147472,52.4765120554
13.4979115625,52.4792091735
13.499,52.4819062917
13.3517382491,52.482805331
13.4964350644,52.4832548507
13.4971733135,52.4832548507
13.4986498116,52.4832548507
13.351,52.4837043704
13.3524764981,52.4837043704
13.4986498116,52.4837043704
13.3524764981,52.4841538901
13.3517382491,52.4846034098
13.4956968154,52.4846034098
13.4979115625,52.4855024492
13.4986498116,52.4855024492
13.3975096907,52.4859519689
13.4956968154,52.4859519689
13.4964350644,52.4859519689
13.4986498116,52.4859519689
13.4956968154,52.4864014886
13.4979115625,52.4864014886
13.4956968154,52.4868510082
13.4964350644,52.4868510082
13.4971733135,52.4868510082
13.4979115625,52.4868510082
13.4233484077,52.4873005279
13.4956968154,52.4873005279
13.4971733135,52.4873005279
13.4956968154,52.4877500476
13.4979115625,52.4877500476
13.4986498116,52.4881995673
13.3738857208,52.501685158
13.3731474717,52.5021346777
13.3738857208,52.5021346777
13.351,52.5097765124
13.4942203173,52.5115745911
13.4956968154,52.5115745911
13.4971733135,52.5115745911
13.3694562265,52.5309039377
13.3687179774,52.5318029771
13.3694562265,52.5322524968
13.477978838,52.5340505755
13.4329456454,52.5367476937
13.4329456454,52.5371972134
13.4418046341,52.5380962527
13.4344221436,52.5385457724
12.5291645031,55.601
12.5347419212,55.601
12.5371322433,55.601
12.5411161133,55.601
12.5435064354,55.601
12.5546612716,55.601
12.5562548196,55.601
12.5594419157,55.601
12.5626290118,55.601
12.5713935259,55.601
12.574580622,55.601
12.5331483732,55.6014495197
12.5427096614,55.6014495197
12.5435064354,55.6014495197
12.5450999834,55.6014495197
12.5299612771,55.6018990394
12.5379290173,55.6018990394
12.5490838535,55.6018990394
12.5578483677,55.6018990394
12.5594419157,55.6018990394
12.5697999779,55.6018990394
12.573783848,55.6018990394
12.574580622,55.6018990394
12.5514741755,55.6023485591
12.5705967519,55.6023485591
12.572987074,55.6023485591
12.5299612771,55.6027980788
12.5363354693,55.6027980788
12.5474903055,55.6027980788
12.5490838535,55.6027980788
12.5506774015,55.6027980788
12.5578483677,55.6027980788
12.5626290118,55.6027980788
12.5658161078,55.6027980788
12.5713935259,55.6027980788
12.572987074,55.6027980788
12.5307580511,55.6032475984
12.5498806275,55.6032475984
12.5546612716,55.6032475984
12.5586451417,55.6032475984
12.5618322377,55.6032475984
12.5626290118,55.6032475984
12.5634257858,55.6032475984
12.572987074,55.6032475984
12.5291645031,55.6036971181
12.5299612771,55.6036971181
12.5466935315,55.6036971181
12.5506774015,55.6036971181
12.5586451417,55.6036971181
12.5642225598,55.6036971181
12.5682064299,55.6036971181
12.5705967519,55.6036971181
12.5721902999,55.6036971181
12.576970944,55.6036971181
12.5458967574,55.6041466378
12.5474903055,55.6041466378
12.5530677236,55.6041466378
12.5554580456,55.6041466378
12.5458967574,55.6045961575
12.5482870795,55.6045961575
12.5530677236,55.6045961575
12.5458967574,55.6050456772
12.5506774015,55.6050456772
12.5435064354,55.6054951969
12.5498806275,55.6054951969
12.5514741755,55.6054951969
12.5522709496,55.6054951969
12.5395225653,55.6059447166
12.5458967574,55.6059447166
12.5466935315,55.6059447166
12.5490838535,55.6059447166
12.5506774015,55.6059447166
12.5554580456,55.6059447166
12.5395225653,55.6063942363
12.5435064354,55.6063942363
12.5474903055,55.6063942363
12.5490838535,55.6063942363
12.5506774015,55.6063942363
12.5554580456,55.6063942363
12.5411161133,55.606843756
12.5458967574,55.606843756
12.5474903055,55.606843756
12.5522709496,55.606843756
12.5514741755,55.6072932756
12.5546612716,55.6072932756
12.5443032094,55.6077427953
12.5458967574,55.6077427953
12.5490838535,55.6077427953
12.5514741755,55.6077427953
12.5538644976,55.6077427953
12.5443032094,55.608192315
12.5538644976,55.608192315
12.5450999834,55.6086418347
12.5474903055,55.6086418347
12.5482870795,55.6086418347
12.5514741755,55.6086418347
12.5546612716,55.6086418347
12.5450999834,55.6090913544
12.5458967574,55.6090913544
12.5466935315,55.6090913544
12.5490838535,55.6090913544
12.5435064354,55.6099903938
12.5450999834,55.6099903938
12.5490838535,55.6099903938
12.5546612716,55.6099903938
12.5435064354,55.6104399135
12.5443032094,55.6104399135
12.5466935315,55.6104399135
12.5490838535,55.6108894331
12.5546612716,55.6108894331
12.5554580456,55.6108894331
12.5466935315,55.6113389528
12.5474903055,55.6113389528
12.5490838535,55.6113389528
12.5546612716,55.6113389528
12.5458967574,55.6117884725
12.5482870795,55.6122379922
12.5514741755,55.6122379922
12.5466935315,55.6126875119
12.5474903055,55.6131370316
12.5482870795,55.6131370316
12.5506774015,55.6131370316
12.5530677236,55.6131370316
12.5546612716,55.6131370316
12.5466935315,55.6135865513
12.5474903055,55.6135865513
12.5490838535,55.6135865513
12.5530677236,55.6135865513
12.5458967574,55.614036071
12.5482870795,55.614036071
12.5490838535,55.614036071
12.5490838535,55.6149351103
12.5498806275,55.6158341497
12.5530677236,55.6158341497
12.5554580456,55.6158341497
12.5514741755,55.6162836694
12.5522709496,55.6162836694
12.5554580456,55.6162836694
12.4741870961,55.6167331891
12.5490838535,55.6167331891
12.5514741755,55.6167331891
12.5522709496,55.6167331891
12.5538644976,55.6167331891
12.5514741755,55.6171827088
12.5554580456,55.6171827088
12.471796774,55.6180817482
12.471796774,55.6185312679
12.471,55.6225769451
12.471796774,55.6230264647
12.471,55.6234759844
12.471796774,55.6248245435
12.579,55.6279711813
12.5785644921,55.641456772
12.5785644921,55.6423558114
12.4773741921,55.6517957248
12.579,55.6517957248
12.4781709661,55.6522452445
12.4789677402,55.6522452445
12.4829516102,55.6526947642
12.576970944,55.6711250714
12.471796774,55.6724736305
12.472593548,55.6724736305
12.471,55.6733726699
12.57617417,55.6774183471
12.574580622,55.6787669061
12.5785644921,55.6792164258
12.5777677181,55.6805649849
12.576970944,55.6814640243
12.5307580511,55.6958486543
12.576970944,55.7088847253